Determining if the pthread_create exist failed with the following output:
Change Dir: /home/avatarquest/catkin_ws/src/streaming/video/cpp/build/CMakeFiles/CMakeTmp

Run Build Command:"/usr/bin/make" "cmTC_9833b/fast"
/usr/bin/make -f CMakeFiles/cmTC_9833b.dir/build.make CMakeFiles/cmTC_9833b.dir/build
make[1]: Entering directory '/home/avatarquest/catkin_ws/src/streaming/video/cpp/build/CMakeFiles/CMakeTmp'
Building C object CMakeFiles/cmTC_9833b.dir/CheckSymbolExists.c.o
/usr/bin/cc    -o CMakeFiles/cmTC_9833b.dir/CheckSymbolExists.c.o   -c /home/avatarquest/catkin_ws/src/streaming/video/cpp/build/CMakeFiles/CMakeTmp/CheckSymbolExists.c
Linking C executable cmTC_9833b
/usr/bin/cmake -E cmake_link_script CMakeFiles/cmTC_9833b.dir/link.txt --verbose=1
/usr/bin/cc      -rdynamic CMakeFiles/cmTC_9833b.dir/CheckSymbolExists.c.o  -o cmTC_9833b 
CMakeFiles/cmTC_9833b.dir/CheckSymbolExists.c.o: In function `main':
CheckSymbolExists.c:(.text+0x14): undefined reference to `pthread_create'
CheckSymbolExists.c:(.text+0x18): undefined reference to `pthread_create'
collect2: error: ld returned 1 exit status
CMakeFiles/cmTC_9833b.dir/build.make:97: recipe for target 'cmTC_9833b' failed
make[1]: *** [cmTC_9833b] Error 1
make[1]: Leaving directory '/home/avatarquest/catkin_ws/src/streaming/video/cpp/build/CMakeFiles/CMakeTmp'
Makefile:126: recipe for target 'cmTC_9833b/fast' failed
make: *** [cmTC_9833b/fast] Error 2

File /home/avatarquest/catkin_ws/src/streaming/video/cpp/build/CMakeFiles/CMakeTmp/CheckSymbolExists.c:
/* */
#include <pthread.h>

int main(int argc, char** argv)
{
  (void)argv;
#ifndef pthread_create
  return ((int*)(&pthread_create))[argc];
#else
  (void)argc;
  return 0;
#endif
}

Determining if the function pthread_create exists in the pthreads failed with the following output:
Change Dir: /home/avatarquest/catkin_ws/src/streaming/video/cpp/build/CMakeFiles/CMakeTmp

Run Build Command:"/usr/bin/make" "cmTC_ad3da/fast"
/usr/bin/make -f CMakeFiles/cmTC_ad3da.dir/build.make CMakeFiles/cmTC_ad3da.dir/build
make[1]: Entering directory '/home/avatarquest/catkin_ws/src/streaming/video/cpp/build/CMakeFiles/CMakeTmp'
Building C object CMakeFiles/cmTC_ad3da.dir/CheckFunctionExists.c.o
/usr/bin/cc   -DCHECK_FUNCTION_EXISTS=pthread_create   -o CMakeFiles/cmTC_ad3da.dir/CheckFunctionExists.c.o   -c /usr/share/cmake-3.10/Modules/CheckFunctionExists.c
Linking C executable cmTC_ad3da
/usr/bin/cmake -E cmake_link_script CMakeFiles/cmTC_ad3da.dir/link.txt --verbose=1
/usr/bin/cc  -DCHECK_FUNCTION_EXISTS=pthread_create    -rdynamic CMakeFiles/cmTC_ad3da.dir/CheckFunctionExists.c.o  -o cmTC_ad3da -lpthreads 
/usr/bin/ld: cannot find -lpthreads
collect2: error: ld returned 1 exit status
CMakeFiles/cmTC_ad3da.dir/build.make:97: recipe for target 'cmTC_ad3da' failed
make[1]: *** [cmTC_ad3da] Error 1
make[1]: Leaving directory '/home/avatarquest/catkin_ws/src/streaming/video/cpp/build/CMakeFiles/CMakeTmp'
Makefile:126: recipe for target 'cmTC_ad3da/fast' failed
make: *** [cmTC_ad3da/fast] Error 2


